<?xml version='1.0'?>
<ns2:test-suite xmlns:ns2='urn:model.allure.qatools.yandex.ru' start='1590411202486' stop='1590411202523'>
    <name>JSON.org page</name>
    <title>JSON.org page</title>
    <test-cases>
        <test-case start='1590411202488' status='broken' stop='1590411202520'>
            <name>"before all" hook</name>
            <title>"before all" hook</title>
            <labels>
                <label name='language' value='javascript'/>
                <label name='framework' value='wdio'/>
                <label name='thread' value='0-0'/>
            </labels>
            <parameters>
                <parameter kind='argument' name='browser' value='firefox-10.0'/>
            </parameters>
            <steps/>
            <attachments/>
            <failure>
                <message>browser.enablePerformanceAudits is not a function</message>
                <stack-trace>TypeError: browser.enablePerformanceAudits is not a function
                    at Context.&lt;anonymous> (C:\DMH-E2E\test\performancetest.js:5:17)
                    at Context.executeSync (C:\DMH-E2E\node_modules\@wdio\sync\build\index.js:56:18)
                    at C:\DMH-E2E\node_modules\@wdio\sync\build\index.js:82:70</stack-trace>
            </failure>
        </test-case>
        <test-case start='1590411202521' status='broken' stop='1590411202522'>
            <name>"after all" hook</name>
            <title>"after all" hook</title>
            <labels>
                <label name='language' value='javascript'/>
                <label name='framework' value='wdio'/>
                <label name='thread' value='0-0'/>
            </labels>
            <parameters>
                <parameter kind='argument' name='browser' value='firefox-10.0'/>
            </parameters>
            <steps/>
            <attachments/>
            <failure>
                <message>browser.disablePerformanceAudits is not a function</message>
                <stack-trace>TypeError: browser.disablePerformanceAudits is not a function
                    at Context.&lt;anonymous> (C:\DMH-E2E\test\performancetest.js:27:17)
                    at Context.executeSync (C:\DMH-E2E\node_modules\@wdio\sync\build\index.js:56:18)
                    at C:\DMH-E2E\node_modules\@wdio\sync\build\index.js:82:70</stack-trace>
            </failure>
        </test-case>
    </test-cases>
</ns2:test-suite>