<?xml version='1.0'?>
<ns2:test-suite xmlns:ns2='urn:model.allure.qatools.yandex.ru' start='1591198338212' stop='1591198357650'>
    <name>about us video</name>
    <title>about us video</title>
    <test-cases>
        <test-case start='1591198338213' status='undefined'>
            <name>should open with paused music</name>
            <title>should open with paused music</title>
            <labels>
                <label name='language' value='javascript'/>
                <label name='framework' value='wdio'/>
                <label name='thread' value='0-0'/>
            </labels>
            <parameters>
                <parameter kind='argument' name='browser' value='firefox-10.0'/>
            </parameters>
            <steps/>
            <attachments/>
        </test-case>
        <test-case start='1591198338214' status='failed' stop='1591198357648'>
            <name>should open with paused music</name>
            <title>should open with paused music</title>
            <labels>
                <label name='language' value='javascript'/>
                <label name='framework' value='wdio'/>
                <label name='thread' value='0-0'/>
            </labels>
            <parameters>
                <parameter kind='argument' name='browser' value='firefox-10.0'/>
            </parameters>
            <steps/>
            <attachments/>
            <failure>
                <message>expected undefined to equal 'true'</message>
                <stack-trace>AssertionError: expected undefined to equal 'true'
                    at Context.&lt;anonymous> (C:\DMH-E2E\test\actions.test.js:27:29)
                    at Context.executeSync (C:\DMH-E2E\node_modules\@wdio\sync\build\index.js:56:18)
                    at C:\DMH-E2E\node_modules\@wdio\sync\build\index.js:82:70</stack-trace>
            </failure>
        </test-case>
        <test-case start='1591198357649' status='pending' stop='1591198357649'>
            <name>play music</name>
            <title>play music</title>
            <labels/>
            <parameters/>
            <steps/>
            <attachments/>
            <failure>
                <message>Test ignored</message>
                <stack-trace>undefined</stack-trace>
            </failure>
        </test-case>
        <test-case start='1591198357649' status='pending' stop='1591198357649'>
            <name>pause music</name>
            <title>pause music</title>
            <labels/>
            <parameters/>
            <steps/>
            <attachments/>
            <failure>
                <message>Test ignored</message>
                <stack-trace>undefined</stack-trace>
            </failure>
        </test-case>
    </test-cases>
</ns2:test-suite>