<?xml version='1.0'?>
<ns2:test-suite xmlns:ns2='urn:model.allure.qatools.yandex.ru' start='1591198365687' stop='1591198377896'>
    <name>Handle application login</name>
    <title>Handle application login</title>
    <test-cases>
        <test-case start='1591198365687' status='passed' stop='1591198376519'>
            <name>enter username</name>
            <title>enter username</title>
            <labels>
                <label name='language' value='javascript'/>
                <label name='framework' value='wdio'/>
                <label name='thread' value='1-3'/>
            </labels>
            <parameters>
                <parameter kind='argument' name='browser' value='chrome-83.0.4103.61'/>
            </parameters>
            <steps/>
            <attachments/>
        </test-case>
        <test-case start='1591198376520' status='passed' stop='1591198377103'>
            <name>enter password</name>
            <title>enter password</title>
            <labels>
                <label name='language' value='javascript'/>
                <label name='framework' value='wdio'/>
                <label name='thread' value='1-3'/>
            </labels>
            <parameters>
                <parameter kind='argument' name='browser' value='chrome-83.0.4103.61'/>
            </parameters>
            <steps/>
            <attachments/>
        </test-case>
        <test-case start='1591198377103' status='passed' stop='1591198377571'>
            <name>click login button</name>
            <title>click login button</title>
            <labels>
                <label name='language' value='javascript'/>
                <label name='framework' value='wdio'/>
                <label name='thread' value='1-3'/>
            </labels>
            <parameters>
                <parameter kind='argument' name='browser' value='chrome-83.0.4103.61'/>
            </parameters>
            <steps/>
            <attachments/>
        </test-case>
        <test-case start='1591198377571' status='failed' stop='1591198377895'>
            <name>Should clear username value</name>
            <title>Should clear username value</title>
            <labels>
                <label name='language' value='javascript'/>
                <label name='framework' value='wdio'/>
                <label name='thread' value='1-3'/>
            </labels>
            <parameters>
                <parameter kind='argument' name='browser' value='chrome-83.0.4103.61'/>
            </parameters>
            <steps/>
            <attachments/>
            <failure>
                <message>expected '' to equal 'tomsmith'</message>
                <stack-trace>AssertionError: expected '' to equal 'tomsmith'
                    at Context.&lt;anonymous> (C:\DMH-E2E\test\login.test.js:25:16)
                    at Context.executeSync (C:\DMH-E2E\node_modules\@wdio\sync\build\index.js:56:18)
                    at C:\DMH-E2E\node_modules\@wdio\sync\build\index.js:82:70</stack-trace>
            </failure>
        </test-case>
    </test-cases>
</ns2:test-suite>